<?xml version="1.0" encoding="UTF-8"?>
<!-- Generated by org.testng.reporters.JUnitXMLReporter -->
<testsuite ignored="0" hostname="LAPTOP-QGETMHA4" failures="0" tests="3" name="Test" time="8.414" errors="0" timestamp="2024-03-20T21:33:27 JST">
  <testcase classname="com.psf.tests.HomePageTest" name="test3" time="1.446"/>
  <testcase classname="com.psf.tests.LoginPageTest" name="test1" time="0.327"/>
  <testcase classname="com.psf.tests.LoginPageTest" name="test2" time="0.273"/>
</testsuite> <!-- Test -->
