<?xml version="1.0" encoding="UTF-8"?>
<testng-results ignored="0" total="2" passed="2" failed="0" skipped="0">
  <reporter-output>
  </reporter-output>
  <suite started-at="2024-03-21T21:50:37 JST" name="Default suite" finished-at="2024-03-21T21:50:40 JST" duration-ms="3602">
    <groups>
    </groups>
    <test started-at="2024-03-21T21:50:37 JST" name="Default test" finished-at="2024-03-21T21:50:40 JST" duration-ms="3602">
      <class name="com.psf.api.tests.ApiTest2">
        <test-method signature="getListofUsers()[pri:0, instance:com.psf.api.tests.ApiTest2@3541cb24]" started-at="2024-03-21T21:50:37 JST" name="getListofUsers" finished-at="2024-03-21T21:50:40 JST" duration-ms="3228" status="PASS">
          <reporter-output>
          </reporter-output>
        </test-method> <!-- getListofUsers -->
        <test-method signature="getSpecificUser()[pri:0, instance:com.psf.api.tests.ApiTest2@3541cb24]" started-at="2024-03-21T21:50:40 JST" name="getSpecificUser" finished-at="2024-03-21T21:50:40 JST" duration-ms="315" status="PASS">
          <reporter-output>
          </reporter-output>
        </test-method> <!-- getSpecificUser -->
      </class> <!-- com.psf.api.tests.ApiTest2 -->
    </test> <!-- Default test -->
  </suite> <!-- Default suite -->
</testng-results>
